unityLibrary/build/intermediates/manifest_merge_blame_file/debug/manifest-merger-blame-debug-report.txt
1<?xml version="1.0" encoding="utf-8"?>
2<!-- GENERATED BY UNITY. REMOVE THIS COMMENT TO PREVENT OVERWRITING WHEN EXPORTING AGAIN -->
3<manifest xmlns:android="http://schemas.android.com/apk/res/android"
4    xmlns:tools="http://schemas.android.com/tools"
5    package="com.unity3d.player"
6    android:versionCode="1"
7    android:versionName="0.1" >
8
9    <uses-sdk
10        android:minSdkVersion="19"
10-->src/main/AndroidManifest.xml
11        android:targetSdkVersion="29" />
11-->src/main/AndroidManifest.xml
12
13    <uses-feature android:glEsVersion="0x00030000" />
13-->src/main/AndroidManifest.xml:20:3-52
13-->src/main/AndroidManifest.xml:20:17-49
14    <uses-feature
14-->src/main/AndroidManifest.xml:21:3-91
15        android:name="android.hardware.vulkan.version"
15-->src/main/AndroidManifest.xml:21:17-63
16        android:required="false" />
16-->src/main/AndroidManifest.xml:21:64-88
17    <uses-feature
17-->src/main/AndroidManifest.xml:22:3-88
18        android:name="android.hardware.touchscreen"
18-->src/main/AndroidManifest.xml:22:17-60
19        android:required="false" />
19-->src/main/AndroidManifest.xml:22:61-85
20    <uses-feature
20-->src/main/AndroidManifest.xml:23:3-99
21        android:name="android.hardware.touchscreen.multitouch"
21-->src/main/AndroidManifest.xml:23:17-71
22        android:required="false" />
22-->src/main/AndroidManifest.xml:23:72-96
23    <uses-feature
23-->src/main/AndroidManifest.xml:24:3-108
24        android:name="android.hardware.touchscreen.multitouch.distinct"
24-->src/main/AndroidManifest.xml:24:17-80
25        android:required="false" />
25-->src/main/AndroidManifest.xml:24:81-105
26
27    <uses-permission android:name="android.permission.ACCESS_NETWORK_STATE" />
27-->src/main/AndroidManifest.xml:27:3-76
27-->src/main/AndroidManifest.xml:27:20-74
28    <uses-permission android:name="android.permission.INTERNET" />
28-->src/main/AndroidManifest.xml:28:3-64
28-->src/main/AndroidManifest.xml:28:20-62
29    <uses-permission android:name="android.permission.WRITE_EXTERNAL_STORAGE" />
29-->src/main/AndroidManifest.xml:29:3-78
29-->src/main/AndroidManifest.xml:29:20-76
30    <uses-permission android:name="android.permission.READ_EXTERNAL_STORAGE" />
30-->src/main/AndroidManifest.xml:30:3-77
30-->src/main/AndroidManifest.xml:30:20-75
31
32    <!-- android 11 모든 앱 접근 권한 사용  (Google Play 가이드라인 참고 - 2021-02-19 기준 못찾았음) -->
33    <!-- <uses-permission android:name="android.permission.QUERY_ALL_PACKAGES" tools:ignore="QueryAllPackagesPermission" /> -->
34    <!-- android 11 Package Visibility 설정 (compileSdkVersion, targetSdkVersion 30 이상 설정시 필수) -->
35    <!-- 2021-02-19 -->
36    <queries>
36-->src/main/AndroidManifest.xml:37:3-105:13
37
38        <!-- 다날[신한, BC(페이북), 국민, 현대, 삼성, 하나, 롯데, 농협, 우리, 씨티, 페이코, 삼성페이, 카카오페이, 뱅크페이, SSG페이, 스마일페이, 엘페이] -->
39        <!-- KCP [페이코, 현대, BC(페이북), 롯데, 국민, 농협, 삼성, 신한, 우리, 하나, 씨티] -->
40        <!-- 이니시스 [카카오페이, 네이버페이, 신한, 하나, 현대, 삼성, 국민, BC(페이북), 농협, 롯데, 씨티, 페이코, 엘페이, SSG페이, 차이, 토스, 삼성페이] -->
41        <!-- 나이스페이 [신한, 국민, 삼성, BC(페이북), 롯데, 현대, 하나 농협, 씨티, 우리] -->
42        <!-- 토스페이먼츠 [현대, 신한, 페이북, 국민, 삼성, 롯데, 농협, 우리] -->
43        <!-- 이지페이 [현대, 하나, 국민, 롯데, 삼성, BC(페이북) 신한, 하나, 농협, 씨티, 우리, 페이코] -->
44        <!-- 티페이 [BC(페이북), 국민, 하나, 삼성, 신한, 현대, 롯데, 농협, 씨티, 우리] -->
45        <!-- 페이레터 [BC(페이북), 국민, 하나, 삼성, 신한, 현대. 롯데, 농협, 씨티, ] -->
46        <!-- 월컴페이먼츠 [카카오, 엘페이, 현대, BC(페이북), 국민, 삼성, 신한, 롯데, 농협, 하나, 씨티, 하나, 우리] -->
47
48
49        <!-- 간편결제 -->
50        <package android:name="com.nhnent.payapp" /> <!-- 페이코 -->
50-->src/main/AndroidManifest.xml:49:5-49
50-->src/main/AndroidManifest.xml:49:14-46
51        <package android:name="com.lottemembers.android" /> <!-- LPAY -->
51-->src/main/AndroidManifest.xml:50:5-56
51-->src/main/AndroidManifest.xml:50:14-53
52        <package android:name="com.ssg.serviceapp.android.egiftcertificate" /> <!-- SSG 페이 -->
52-->src/main/AndroidManifest.xml:51:5-75
52-->src/main/AndroidManifest.xml:51:14-72
53        <package android:name="com.inicis.kpay" /> <!-- 이니시스 KPAY -->
53-->src/main/AndroidManifest.xml:52:5-47
53-->src/main/AndroidManifest.xml:52:14-44
54        <package android:name="com.tmoney.tmpay" /> <!-- 티머니페이 -->
54-->src/main/AndroidManifest.xml:53:5-48
54-->src/main/AndroidManifest.xml:53:14-45
55        <package android:name="viva.republica.toss" /> <!-- 토스페이 -->
55-->src/main/AndroidManifest.xml:54:5-51
55-->src/main/AndroidManifest.xml:54:14-48
56        <package android:name="com.kakao.talk" /> <!-- 카카오페이 -->
56-->src/main/AndroidManifest.xml:55:5-46
56-->src/main/AndroidManifest.xml:55:14-43
57        <package android:name="com.mysmilepay.app" /> <!-- 스마일 페이 -->
57-->src/main/AndroidManifest.xml:56:5-50
57-->src/main/AndroidManifest.xml:56:14-47
58        <package android:name="com.lotte.lpay" /> <!-- 엘페이 -->
58-->src/main/AndroidManifest.xml:57:5-46
58-->src/main/AndroidManifest.xml:57:14-43
59        <package android:name="finance.chai.app" /> <!-- 차이 -->
59-->src/main/AndroidManifest.xml:58:5-48
59-->src/main/AndroidManifest.xml:58:14-45
60        <package android:name="com.nhn.android.search" /> <!-- 네이버 -->
60-->src/main/AndroidManifest.xml:59:5-54
60-->src/main/AndroidManifest.xml:59:14-51
61
62
63        <!-- 앱카드 -->
64        <package android:name="kvp.jjy.MispAndroid320" /> <!-- BC 페이북 -->
64-->src/main/AndroidManifest.xml:62:5-54
64-->src/main/AndroidManifest.xml:62:14-51
65        <package android:name="com.kbcard.kbkookmincard" /> <!-- 국민카드 -->
65-->src/main/AndroidManifest.xml:63:5-56
65-->src/main/AndroidManifest.xml:63:14-53
66        <package android:name="com.kbcard.cxh.appcard" /> <!-- 국민카드 -->
66-->src/main/AndroidManifest.xml:64:5-54
66-->src/main/AndroidManifest.xml:64:14-51
67        <package android:name="com.kbstar.liivbank" /> <!-- 국민 리브 -->
67-->src/main/AndroidManifest.xml:65:5-51
67-->src/main/AndroidManifest.xml:65:14-48
68        <package android:name="com.kbstar.reboot" /> <!-- 국민 new 리브 -->
68-->src/main/AndroidManifest.xml:66:5-49
68-->src/main/AndroidManifest.xml:66:14-46
69        <package android:name="com.samsung.android.spay" /> <!-- 삼성페이 -->
69-->src/main/AndroidManifest.xml:67:5-56
69-->src/main/AndroidManifest.xml:67:14-53
70        <package android:name="com.samsung.android.spaylite" /> <!-- 삼성페이 미니 -->
70-->src/main/AndroidManifest.xml:68:5-60
70-->src/main/AndroidManifest.xml:68:14-57
71        <package android:name="com.lge.lgpay" /> <!-- 엘지페이 -->
71-->src/main/AndroidManifest.xml:69:5-45
71-->src/main/AndroidManifest.xml:69:14-42
72        <package android:name="com.hanaskcard.paycla" /> <!-- 하나카드 -->
72-->src/main/AndroidManifest.xml:70:5-53
72-->src/main/AndroidManifest.xml:70:14-50
73        <package android:name="kr.co.hanamembers.hmscustomer" /> <!-- 하나카드(멤버스결제) -->
73-->src/main/AndroidManifest.xml:71:5-61
73-->src/main/AndroidManifest.xml:71:14-58
74        <package android:name="com.lcacApp" /> <!-- 롯데카드 -->
74-->src/main/AndroidManifest.xml:72:5-43
74-->src/main/AndroidManifest.xml:72:14-40
75        <package android:name="kr.co.samsungcard.mpocket" /> <!-- 삼성카드 -->
75-->src/main/AndroidManifest.xml:73:5-57
75-->src/main/AndroidManifest.xml:73:14-54
76        <package android:name="com.shcard.smartpay" /> <!-- 신한카드 -->
76-->src/main/AndroidManifest.xml:74:5-51
76-->src/main/AndroidManifest.xml:74:14-48
77        <package android:name="com.shinhancard.smartshinhan" /> <!-- 신한카드 (ARS/일반결제/Smart결제) -->
77-->src/main/AndroidManifest.xml:75:5-60
77-->src/main/AndroidManifest.xml:75:14-57
78        <package android:name="com.hyundaicard.appcard" /> <!-- 현대카드 -->
78-->src/main/AndroidManifest.xml:76:5-55
78-->src/main/AndroidManifest.xml:76:14-52
79        <package android:name="nh.smart.nhallonepay" /> <!-- 농협카드 -->
79-->src/main/AndroidManifest.xml:77:5-52
79-->src/main/AndroidManifest.xml:77:14-49
80        <package android:name="com.wooricard.wpay" /> <!-- 우리카드 -->
80-->src/main/AndroidManifest.xml:78:5-50
80-->src/main/AndroidManifest.xml:78:14-47
81        <package android:name="com.wooricard.smartapp" /> <!-- 우리 WON 카드 -->
81-->src/main/AndroidManifest.xml:79:5-54
81-->src/main/AndroidManifest.xml:79:14-51
82        <package android:name="com.wooribank.smart.npib" /> <!-- 우리 WON 뱅킹 -->
82-->src/main/AndroidManifest.xml:80:5-56
82-->src/main/AndroidManifest.xml:80:14-53
83        <package android:name="kr.co.citibank.citimobile" /> <!-- 씨티카드 -->
83-->src/main/AndroidManifest.xml:81:5-57
83-->src/main/AndroidManifest.xml:81:14-54
84
85
86        <!-- 계좌이체 -->
87        <package android:name="com.kftc.bankpay.android" /> <!-- 뱅크페이 -->
87-->src/main/AndroidManifest.xml:85:5-56
87-->src/main/AndroidManifest.xml:85:14-53
88        <package android:name="com.kbankwith.smartbank" /> <!-- 케이뱅크 -->
88-->src/main/AndroidManifest.xml:86:5-55
88-->src/main/AndroidManifest.xml:86:14-52
89        <package android:name="com.knb.psb" /> <!-- BNK 경남은행 모바일뱅킹 -->
89-->src/main/AndroidManifest.xml:87:5-43
89-->src/main/AndroidManifest.xml:87:14-40
90        <package android:name="kr.co.kfcc.mobilebank" /> <!-- MG 새마을금고 -->
90-->src/main/AndroidManifest.xml:88:5-53
90-->src/main/AndroidManifest.xml:88:14-50
91        <package android:name="com.nh.cashcardapp" /> <!-- NH앱캐시 -->
91-->src/main/AndroidManifest.xml:89:5-50
91-->src/main/AndroidManifest.xml:89:14-47
92
93
94        <!-- 공인인증(신용카드) -->
95        <package android:name="com.hanaskcard.rocomo.potal" /> <!-- 하나카드 -->
95-->src/main/AndroidManifest.xml:92:5-59
95-->src/main/AndroidManifest.xml:92:14-56
96        <package android:name="com.lumensoft.touchenappfree" /> <!-- 현대카드 -->
96-->src/main/AndroidManifest.xml:93:5-60
96-->src/main/AndroidManifest.xml:93:14-57
97
98
99        <!-- 보안앱 -->
100        <package android:name="com.TouchEn.mVaccine.webs" /> <!-- 신한, 씨티 -->
100-->src/main/AndroidManifest.xml:97:5-57
100-->src/main/AndroidManifest.xml:97:14-54
101        <package android:name="kr.co.shiftworks.vguardweb" /> <!-- 삼성 -->
101-->src/main/AndroidManifest.xml:98:5-58
101-->src/main/AndroidManifest.xml:98:14-55
102        <package android:name="com.ahnlab.v3mobileplus" /> <!-- 하나, 농협, 우리, 국민 리브 -->
102-->src/main/AndroidManifest.xml:99:5-55
102-->src/main/AndroidManifest.xml:99:14-52
103
104
105        <!-- 휴대폰 결제 -->
106        <package android:name="com.kt.ktauth" /> <!-- KT 본인인증 -->
106-->src/main/AndroidManifest.xml:102:5-45
106-->src/main/AndroidManifest.xml:102:14-42
107        <package android:name="kr.danal.app.damoum" /> <!-- 다모음 -->
107-->src/main/AndroidManifest.xml:103:5-51
107-->src/main/AndroidManifest.xml:103:14-48
108        <package android:name="uplus.membership" /> <!-- U+ 멤버스 -->
108-->src/main/AndroidManifest.xml:104:5-48
108-->src/main/AndroidManifest.xml:104:14-45
109    </queries>
110
111    <application>
111-->src/main/AndroidManifest.xml:4:3-19:17
112        <activity
112-->src/main/AndroidManifest.xml:5:5-13:16
113            android:name="com.unity3d.player.UnityPlayerActivity"
113-->src/main/AndroidManifest.xml:5:15-68
114            android:configChanges="mcc|mnc|locale|touchscreen|keyboard|keyboardHidden|navigation|orientation|screenLayout|uiMode|screenSize|smallestScreenSize|fontScale|layoutDirection|density"
114-->src/main/AndroidManifest.xml:5:182-363
115            android:hardwareAccelerated="false"
115-->src/main/AndroidManifest.xml:5:399-434
116            android:launchMode="singleTask"
116-->src/main/AndroidManifest.xml:5:150-181
117            android:resizeableActivity="false"
117-->src/main/AndroidManifest.xml:5:364-398
118            android:screenOrientation="fullSensor"
118-->src/main/AndroidManifest.xml:5:111-149
119            android:theme="@style/UnityThemeSelector"
119-->src/main/AndroidManifest.xml:5:69-110
120            android:usesCleartextTraffic="true" >
120-->src/main/AndroidManifest.xml:6:9-44
121            <intent-filter>
121-->src/main/AndroidManifest.xml:7:7-10:23
122                <action android:name="android.intent.action.MAIN" />
122-->src/main/AndroidManifest.xml:8:9-61
122-->src/main/AndroidManifest.xml:8:17-58
123
124                <category android:name="android.intent.category.LAUNCHER" />
124-->src/main/AndroidManifest.xml:9:9-69
124-->src/main/AndroidManifest.xml:9:19-66
125            </intent-filter>
126
127            <meta-data
127-->src/main/AndroidManifest.xml:11:7-82
128                android:name="unityplayer.UnityActivity"
128-->src/main/AndroidManifest.xml:11:18-58
129                android:value="true" />
129-->src/main/AndroidManifest.xml:11:59-79
130            <meta-data
130-->src/main/AndroidManifest.xml:12:7-78
131                android:name="android.notch_support"
131-->src/main/AndroidManifest.xml:12:18-54
132                android:value="true" />
132-->src/main/AndroidManifest.xml:12:55-75
133        </activity>
134
135        <meta-data
135-->src/main/AndroidManifest.xml:14:5-69
136            android:name="unity.splash-mode"
136-->src/main/AndroidManifest.xml:14:16-48
137            android:value="0" />
137-->src/main/AndroidManifest.xml:14:49-66
138        <meta-data
138-->src/main/AndroidManifest.xml:15:5-74
139            android:name="unity.splash-enable"
139-->src/main/AndroidManifest.xml:15:16-50
140            android:value="True" />
140-->src/main/AndroidManifest.xml:15:51-71
141        <meta-data
141-->src/main/AndroidManifest.xml:16:5-84
142            android:name="unity.allow-resizable-window"
142-->src/main/AndroidManifest.xml:16:16-59
143            android:value="False" />
143-->src/main/AndroidManifest.xml:16:60-81
144        <meta-data
144-->src/main/AndroidManifest.xml:17:5-81
145            android:name="notch.config"
145-->src/main/AndroidManifest.xml:17:16-43
146            android:value="portrait|landscape" />
146-->src/main/AndroidManifest.xml:17:44-78
147        <meta-data
147-->src/main/AndroidManifest.xml:18:5-101
148            android:name="unity.build-id"
148-->src/main/AndroidManifest.xml:18:16-45
149            android:value="482e86ef-59ba-4628-ba10-bbe32eea0f2b" />
149-->src/main/AndroidManifest.xml:18:46-98
150    </application>
151
152</manifest>